<?xml version="1.0" encoding="UTF-8"?>
<testng-results skipped="0" failed="1" total="2" passed="1">
  <reporter-output>
  </reporter-output>
  <suite name="tabScrolling" duration-ms="38570" started-at="2019-08-25T06:38:45Z" finished-at="2019-08-25T06:39:24Z">
    <groups>
    </groups>
    <test name="tst_Scroll_chrome" duration-ms="38570" started-at="2019-08-25T06:38:45Z" finished-at="2019-08-25T06:39:24Z">
      <class name="DevExpress.Scroll">
        <test-method status="FAIL" signature="retesting(java.lang.String)[pri:0, instance:DevExpress.Scroll@248e319b]" test-instance-name="" name="retesting" duration-ms="27" started-at="2019-08-25T12:08:45Z" finished-at="2019-08-25T12:08:45Z">
          <params>
            <param index="0">
              <value>
                <![CDATA[chrome]]>
              </value>
            </param>
          </params>
          <exception class="java.lang.IllegalStateException">
            <message>
              <![CDATA[The driver executable does not exist: D:\Sel_wk_july\myproj\chromedriver.exe]]>
            </message>
            <full-stacktrace>
              <![CDATA[java.lang.IllegalStateException: The driver executable does not exist: D:\Sel_wk_july\myproj\chromedriver.exe
	at com.google.common.base.Preconditions.checkState(Preconditions.java:618)
	at org.openqa.selenium.remote.service.DriverService.checkExecutable(DriverService.java:147)
	at org.openqa.selenium.remote.service.DriverService.findExecutable(DriverService.java:142)
	at org.openqa.selenium.chrome.ChromeDriverService.access$000(ChromeDriverService.java:35)
	at org.openqa.selenium.chrome.ChromeDriverService$Builder.findDefaultExecutable(ChromeDriverService.java:177)
	at org.openqa.selenium.remote.service.DriverService$Builder.build(DriverService.java:363)
	at org.openqa.selenium.chrome.ChromeDriverService.createDefaultService(ChromeDriverService.java:100)
	at org.openqa.selenium.chrome.ChromeDriver.<init>(ChromeDriver.java:105)
	at DevExpress.Scroll.retesting(Scroll.java:28)
	at sun.reflect.NativeMethodAccessorImpl.invoke0(Native Method)
	at sun.reflect.NativeMethodAccessorImpl.invoke(Unknown Source)
	at sun.reflect.DelegatingMethodAccessorImpl.invoke(Unknown Source)
	at java.lang.reflect.Method.invoke(Unknown Source)
	at org.testng.internal.MethodInvocationHelper.invokeMethod(MethodInvocationHelper.java:86)
	at org.testng.internal.Invoker.invokeMethod(Invoker.java:643)
	at org.testng.internal.Invoker.invokeTestMethod(Invoker.java:820)
	at org.testng.internal.Invoker.invokeTestMethods(Invoker.java:1128)
	at org.testng.internal.TestMethodWorker.invokeTestMethods(TestMethodWorker.java:129)
	at org.testng.internal.TestMethodWorker.run(TestMethodWorker.java:112)
	at org.testng.TestRunner.privateRun(TestRunner.java:782)
	at org.testng.TestRunner.run(TestRunner.java:632)
	at org.testng.SuiteRunner.runTest(SuiteRunner.java:366)
	at org.testng.SuiteRunner.runSequentially(SuiteRunner.java:361)
	at org.testng.SuiteRunner.privateRun(SuiteRunner.java:319)
	at org.testng.SuiteRunner.run(SuiteRunner.java:268)
	at org.testng.SuiteRunnerWorker.runSuite(SuiteRunnerWorker.java:52)
	at org.testng.SuiteRunnerWorker.run(SuiteRunnerWorker.java:86)
	at org.testng.TestNG.runSuitesSequentially(TestNG.java:1244)
	at org.testng.TestNG.runSuitesLocally(TestNG.java:1169)
	at org.testng.TestNG.run(TestNG.java:1064)
	at org.testng.remote.AbstractRemoteTestNG.run(AbstractRemoteTestNG.java:115)
	at org.testng.remote.RemoteTestNG.initAndRun(RemoteTestNG.java:251)
	at org.testng.remote.RemoteTestNG.main(RemoteTestNG.java:77)
]]>
            </full-stacktrace>
          </exception> <!-- java.lang.IllegalStateException -->
          <reporter-output>
          </reporter-output>
        </test-method> <!-- retesting -->
        <test-method status="PASS" signature="scroll()[pri:0, instance:DevExpress.Scroll@248e319b]" test-instance-name="" name="scroll" duration-ms="38439" started-at="2019-08-25T12:08:45Z" finished-at="2019-08-25T12:09:24Z">
          <reporter-output>
          </reporter-output>
        </test-method> <!-- scroll -->
      </class> <!-- DevExpress.Scroll -->
    </test> <!-- tst_Scroll_chrome -->
  </suite> <!-- tabScrolling -->
</testng-results>
